::ffff:162.243.133.226 - - [03/Apr/2020:03:00:02 +0000] "GET / HTTP/1.1" 500 3052
::ffff:170.106.81.113 - - [03/Apr/2020:03:16:13 +0000] "GET / HTTP/1.0" 500 3052
::ffff:170.106.81.113 - - [03/Apr/2020:03:16:13 +0000] "GET / HTTP/1.0" 500 3052
::ffff:35.227.62.178 - - [03/Apr/2020:17:12:23 +0000] "GET / HTTP/1.1" 500 3052
::ffff:99.225.28.247 - - [03/Apr/2020:17:12:43 +0000] "GET / HTTP/1.1" 500 3052
::ffff:99.234.84.28 - - [03/Apr/2020:17:51:58 +0000] "GET / HTTP/1.1" 500 3052
::1 - - [05/Apr/2020:22:10:08 +0000] "GET /api/chatlog HTTP/1.1" 500 3038
::1 - - [05/Apr/2020:22:16:28 +0000] "GET /api/chatlog HTTP/1.1" 500 3015
::1 - - [05/Apr/2020:22:16:35 +0000] "GET /api/chatlog HTTP/1.1" 500 3015
::1 - - [05/Apr/2020:22:17:13 +0000] "GET /api/chatlog HTTP/1.1" - -
::1 - - [05/Apr/2020:22:19:37 +0000] "GET /api/chatlog HTTP/1.1" - -
::1 - - [05/Apr/2020:22:20:01 +0000] "GET /api/chatlog HTTP/1.1" - -
::1 - - [05/Apr/2020:22:23:02 +0000] "GET /api/events HTTP/1.1" 500 3080
::1 - - [05/Apr/2020:22:24:52 +0000] "GET /api/events HTTP/1.1" 200 12143
::1 - - [05/Apr/2020:22:26:52 +0000] "GET /favicon.ico HTTP/1.1" - -
::1 - - [05/Apr/2020:22:27:46 +0000] "GET /api/events HTTP/1.1" 200 12445
::1 - - [05/Apr/2020:22:27:56 +0000] "GET /api/chatlog HTTP/1.1" 200 183
::1 - - [05/Apr/2020:22:28:52 +0000] "GET /favicon.ico HTTP/1.1" - -
::1 - - [05/Apr/2020:22:29:13 +0000] "GET /api/chatlog HTTP/1.1" 200 559
::1 - - [05/Apr/2020:22:29:13 +0000] "GET /favicon.ico HTTP/1.1" - -
::1 - - [05/Apr/2020:22:29:32 +0000] "GET /favicon.ico HTTP/1.1" - -
::1 - - [05/Apr/2020:22:32:52 +0000] "GET /api/chatlog HTTP/1.1" 304 -
::1 - - [05/Apr/2020:22:33:01 +0000] "GET /api/events HTTP/1.1" 200 14761
::1 - - [05/Apr/2020:22:33:01 +0000] "GET /favicon.ico HTTP/1.1" - -
::1 - - [05/Apr/2020:22:35:01 +0000] "GET /favicon.ico HTTP/1.1" - -
::1 - - [05/Apr/2020:22:37:01 +0000] "GET /favicon.ico HTTP/1.1" - -
::1 - - [05/Apr/2020:22:44:41 +0000] "GET /api/events HTTP/1.1" 200 17559
::1 - - [05/Apr/2020:22:45:01 +0000] "GET /api/events HTTP/1.1" 200 17870
::1 - - [05/Apr/2020:22:45:34 +0000] "GET /api/events HTTP/1.1" 200 18182
::1 - - [05/Apr/2020:22:46:19 +0000] "GET /api/events HTTP/1.1" 200 18494
::1 - - [05/Apr/2020:22:47:05 +0000] "GET /api/events HTTP/1.1" 200 18806
::1 - - [05/Apr/2020:22:47:35 +0000] "GET /api/events HTTP/1.1" 200 19118
::1 - - [05/Apr/2020:22:48:15 +0000] "GET /api/events HTTP/1.1" 200 19430
::1 - - [05/Apr/2020:22:48:47 +0000] "GET /api/events HTTP/1.1" 200 19742
::1 - - [05/Apr/2020:22:54:02 +0000] "GET /api/events HTTP/1.1" 200 20366
::1 - - [05/Apr/2020:22:54:19 +0000] "GET /api/events HTTP/1.1" 200 20678
::1 - - [05/Apr/2020:22:55:37 +0000] "GET /api/events HTTP/1.1" 200 20990
::1 - - [05/Apr/2020:22:57:19 +0000] "GET /api/events HTTP/1.1" 200 21302
::1 - - [05/Apr/2020:22:58:31 +0000] "GET /api/events HTTP/1.1" 200 21614
::1 - - [05/Apr/2020:22:59:25 +0000] "GET /api/events HTTP/1.1" 200 21926
::1 - - [05/Apr/2020:22:59:37 +0000] "GET /api/events HTTP/1.1" 200 22238
::1 - - [05/Apr/2020:23:05:23 +0000] "GET /api/events HTTP/1.1" 200 22550
::1 - - [05/Apr/2020:23:05:39 +0000] "GET /api/events HTTP/1.1" 200 22862
::1 - - [05/Apr/2020:23:06:28 +0000] "GET /api/events HTTP/1.1" 200 23174
::1 - - [05/Apr/2020:23:07:46 +0000] "GET /api/events HTTP/1.1" 200 23486
::1 - - [05/Apr/2020:23:11:14 +0000] "GET /api/events HTTP/1.1" 200 25357
::1 - - [05/Apr/2020:23:11:54 +0000] "GET /api/events HTTP/1.1" 200 25669
::1 - - [05/Apr/2020:23:12:02 +0000] "GET /api/events HTTP/1.1" 200 25981
::1 - - [05/Apr/2020:23:13:38 +0000] "GET /api/events HTTP/1.1" 200 26293
::1 - - [05/Apr/2020:23:13:53 +0000] "GET /api/events HTTP/1.1" 200 26605
::1 - - [05/Apr/2020:23:17:07 +0000] "GET /api/events HTTP/1.1" 200 27229
::1 - - [05/Apr/2020:23:18:07 +0000] "GET /api/events HTTP/1.1" 200 27697
::1 - - [05/Apr/2020:23:18:36 +0000] "GET /api/events HTTP/1.1" 200 28009
::1 - - [05/Apr/2020:23:18:58 +0000] "GET /api/events HTTP/1.1" 200 28321
::1 - - [05/Apr/2020:23:19:37 +0000] "GET /api/events HTTP/1.1" 200 28633
::1 - - [05/Apr/2020:23:22:24 +0000] "GET /api/events HTTP/1.1" 200 28945
::1 - - [05/Apr/2020:23:22:38 +0000] "GET /api/events HTTP/1.1" 200 29257
::1 - - [05/Apr/2020:23:23:01 +0000] "GET /api/events HTTP/1.1" 200 29569
::1 - - [05/Apr/2020:23:29:48 +0000] "GET /api/events HTTP/1.1" 200 29881
::1 - - [05/Apr/2020:23:32:09 +0000] "GET /api/events HTTP/1.1" 200 30505
::1 - - [05/Apr/2020:23:34:38 +0000] "GET /api/events HTTP/1.1" 200 30817
::1 - - [05/Apr/2020:23:34:49 +0000] "GET /api/events HTTP/1.1" 200 31129
::1 - - [05/Apr/2020:23:35:09 +0000] "GET /api/events HTTP/1.1" 200 31441
::1 - - [05/Apr/2020:23:36:14 +0000] "GET /api/events HTTP/1.1" 200 31753
::1 - - [05/Apr/2020:23:37:14 +0000] "GET /api/events HTTP/1.1" 200 32065
::1 - - [05/Apr/2020:23:41:07 +0000] "GET /api/events HTTP/1.1" 200 32689
::1 - - [05/Apr/2020:23:41:49 +0000] "GET /api/events HTTP/1.1" 200 33625
::1 - - [05/Apr/2020:23:42:21 +0000] "GET /api/events HTTP/1.1" 200 33937
::1 - - [05/Apr/2020:23:42:46 +0000] "GET /api/events HTTP/1.1" 200 34249
::1 - - [05/Apr/2020:23:43:04 +0000] "GET /api/events HTTP/1.1" 200 34561
::1 - - [05/Apr/2020:23:44:35 +0000] "GET /api/events HTTP/1.1" 200 34873
::1 - - [05/Apr/2020:23:51:46 +0000] "GET /api/events HTTP/1.1" 200 35185
::1 - - [05/Apr/2020:23:53:40 +0000] "GET /api/events HTTP/1.1" 200 24781
::1 - - [05/Apr/2020:23:55:00 +0000] "GET /api/events HTTP/1.1" 200 25217
::1 - - [05/Apr/2020:23:56:21 +0000] "GET /api/events HTTP/1.1" 200 25435
::1 - - [05/Apr/2020:23:56:56 +0000] "GET /api/events HTTP/1.1" 200 25653
::1 - - [05/Apr/2020:23:57:05 +0000] "GET /api/events HTTP/1.1" 200 25871
::1 - - [06/Apr/2020:00:02:29 +0000] "GET /api/events HTTP/1.1" 200 26089
::1 - - [06/Apr/2020:00:03:22 +0000] "GET /api/events HTTP/1.1" 200 26634
::1 - - [06/Apr/2020:00:04:23 +0000] "GET /api/events HTTP/1.1" 200 26852
::1 - - [06/Apr/2020:00:05:21 +0000] "GET /api/events HTTP/1.1" 304 -
::1 - - [06/Apr/2020:00:06:11 +0000] "GET /api/events HTTP/1.1" 200 27392
::1 - - [06/Apr/2020:00:06:17 +0000] "GET /api/events HTTP/1.1" 200 27610
::1 - - [06/Apr/2020:00:06:28 +0000] "GET /api/events HTTP/1.1" 304 -
::1 - - [06/Apr/2020:00:06:28 +0000] "GET /favicon.ico HTTP/1.1" - -
::1 - - [06/Apr/2020:00:06:30 +0000] "GET /api/events HTTP/1.1" 200 27714
::1 - - [06/Apr/2020:00:06:30 +0000] "GET /favicon.ico HTTP/1.1" - -
::1 - - [06/Apr/2020:00:07:26 +0000] "GET /api/events HTTP/1.1" 200 28036
::1 - - [06/Apr/2020:00:07:58 +0000] "GET /api/events HTTP/1.1" 200 28472
::1 - - [06/Apr/2020:00:08:07 +0000] "GET /api/events HTTP/1.1" 200 28908
::1 - - [06/Apr/2020:00:08:25 +0000] "GET /api/events HTTP/1.1" 200 29344
::1 - - [06/Apr/2020:00:08:30 +0000] "GET /favicon.ico HTTP/1.1" - -
::1 - - [06/Apr/2020:00:10:30 +0000] "GET /favicon.ico HTTP/1.1" - -
::1 - - [06/Apr/2020:00:12:08 +0000] "GET /api/events HTTP/1.1" 200 29884
::1 - - [06/Apr/2020:00:12:33 +0000] "GET /api/events HTTP/1.1" 304 -
::1 - - [06/Apr/2020:00:14:33 +0000] "GET /favicon.ico HTTP/1.1" - -
::1 - - [06/Apr/2020:00:16:33 +0000] "GET /favicon.ico HTTP/1.1" - -
::1 - - [06/Apr/2020:00:19:04 +0000] "GET /api/events/deleteeverything HTTP/1.1" 200 -
::1 - - [06/Apr/2020:00:19:11 +0000] "GET /api/events HTTP/1.1" 200 105
::1 - - [06/Apr/2020:00:19:11 +0000] "GET /favicon.ico HTTP/1.1" - -
::1 - - [06/Apr/2020:00:19:34 +0000] "GET /api/events HTTP/1.1" 200 427
::1 - - [06/Apr/2020:00:19:44 +0000] "GET /api/events HTTP/1.1" 200 859
::1 - - [06/Apr/2020:00:19:44 +0000] "GET /favicon.ico HTTP/1.1" - -
::1 - - [06/Apr/2020:00:21:15 +0000] "GET /api/events HTTP/1.1" 200 2076
::1 - - [06/Apr/2020:00:21:28 +0000] "GET /api/events/deleteeverything HTTP/1.1" 200 -
::1 - - [06/Apr/2020:00:21:28 +0000] "GET /favicon.ico HTTP/1.1" - -
::1 - - [06/Apr/2020:00:21:36 +0000] "GET /api/events HTTP/1.1" 200 445
::1 - - [06/Apr/2020:00:21:36 +0000] "GET /favicon.ico HTTP/1.1" - -
::1 - - [06/Apr/2020:00:21:43 +0000] "GET /api/events/deleteeverything HTTP/1.1" 200 -
::1 - - [06/Apr/2020:00:21:43 +0000] "GET /favicon.ico HTTP/1.1" - -
::1 - - [06/Apr/2020:00:22:00 +0000] "GET /api/events/deleteeverything HTTP/1.1" 200 -
::1 - - [06/Apr/2020:00:22:06 +0000] "GET /api/events/deleteeverything HTTP/1.1" 200 -
::1 - - [06/Apr/2020:00:22:06 +0000] "GET /favicon.ico HTTP/1.1" - -
::1 - - [06/Apr/2020:00:22:12 +0000] "GET /api/events HTTP/1.1" 200 2
::1 - - [06/Apr/2020:00:22:17 +0000] "GET /api/events HTTP/1.1" 200 219
::1 - - [06/Apr/2020:00:22:45 +0000] "GET /api/events/deleteeverything HTTP/1.1" 200 -
::1 - - [06/Apr/2020:00:22:49 +0000] "GET /api/events HTTP/1.1" 200 2
::1 - - [06/Apr/2020:00:22:49 +0000] "GET /favicon.ico HTTP/1.1" - -
::1 - - [06/Apr/2020:00:22:55 +0000] "GET /api/events/deleteeverything HTTP/1.1" 200 -
::1 - - [06/Apr/2020:00:22:55 +0000] "GET /favicon.ico HTTP/1.1" - -
::1 - - [06/Apr/2020:00:23:00 +0000] "GET /api/events HTTP/1.1" 304 -
::1 - - [06/Apr/2020:00:23:00 +0000] "GET /favicon.ico HTTP/1.1" - -
::1 - - [06/Apr/2020:00:23:04 +0000] "GET /api/events HTTP/1.1" 304 -
::1 - - [06/Apr/2020:00:23:05 +0000] "GET /api/events HTTP/1.1" 304 -
::1 - - [06/Apr/2020:00:23:05 +0000] "GET /favicon.ico HTTP/1.1" - -
::1 - - [06/Apr/2020:00:23:06 +0000] "GET /api/events/deleteeverything HTTP/1.1" 200 -
::1 - - [06/Apr/2020:00:23:06 +0000] "GET /favicon.ico HTTP/1.1" - -
::1 - - [06/Apr/2020:00:23:07 +0000] "GET /api/events HTTP/1.1" 304 -
::1 - - [06/Apr/2020:00:23:07 +0000] "GET /favicon.ico HTTP/1.1" - -
::1 - - [06/Apr/2020:00:23:12 +0000] "GET /api/events HTTP/1.1" 200 219
::1 - - [06/Apr/2020:00:23:12 +0000] "GET /favicon.ico HTTP/1.1" - -
::1 - - [06/Apr/2020:00:24:04 +0000] "GET /api/events HTTP/1.1" 200 338
::1 - - [06/Apr/2020:00:24:04 +0000] "GET /favicon.ico HTTP/1.1" - -
::1 - - [06/Apr/2020:00:24:06 +0000] "GET /favicon.ico HTTP/1.1" - -
::1 - - [06/Apr/2020:00:25:07 +0000] "GET /favicon.ico HTTP/1.1" - -
::1 - - [06/Apr/2020:00:25:54 +0000] "GET /api/events HTTP/1.1" 304 -
::1 - - [06/Apr/2020:00:25:54 +0000] "GET /favicon.ico HTTP/1.1" - -
::1 - - [06/Apr/2020:00:26:06 +0000] "GET /favicon.ico HTTP/1.1" - -
::1 - - [06/Apr/2020:00:26:25 +0000] "GET /api/events HTTP/1.1" 200 461
::1 - - [06/Apr/2020:00:26:25 +0000] "GET /favicon.ico HTTP/1.1" - -
::1 - - [06/Apr/2020:00:26:32 +0000] "GET /api/events HTTP/1.1" 200 679
::1 - - [06/Apr/2020:00:26:32 +0000] "GET /favicon.ico HTTP/1.1" - -
::1 - - [06/Apr/2020:00:27:07 +0000] "GET /favicon.ico HTTP/1.1" - -
::1 - - [06/Apr/2020:00:28:32 +0000] "GET /favicon.ico HTTP/1.1" - -
::1 - - [06/Apr/2020:00:30:32 +0000] "GET /favicon.ico HTTP/1.1" - -
::1 - - [06/Apr/2020:00:30:33 +0000] "GET /api/events HTTP/1.1" 304 -
::1 - - [06/Apr/2020:00:30:36 +0000] "GET /api/events HTTP/1.1" 304 -
::1 - - [06/Apr/2020:00:31:06 +0000] "GET /api/events HTTP/1.1" 200 897
::1 - - [06/Apr/2020:00:31:11 +0000] "GET /api/events HTTP/1.1" 200 1115
::1 - - [06/Apr/2020:00:33:32 +0000] "GET /api/events HTTP/1.1" 200 1333
::1 - - [06/Apr/2020:00:36:44 +0000] "GET /api/events HTTP/1.1" 200 1551
::1 - - [06/Apr/2020:00:38:25 +0000] "GET /api/events HTTP/1.1" 200 1769
::1 - - [06/Apr/2020:00:38:50 +0000] "GET /api/events HTTP/1.1" 200 1987
::1 - - [06/Apr/2020:00:39:08 +0000] "GET /api/events HTTP/1.1" 200 2205
::1 - - [06/Apr/2020:00:39:16 +0000] "GET /api/events HTTP/1.1" 200 2423
::1 - - [06/Apr/2020:00:39:33 +0000] "GET /api/events HTTP/1.1" 200 2641
::1 - - [06/Apr/2020:00:40:33 +0000] "GET /api/events HTTP/1.1" 200 2859
::1 - - [06/Apr/2020:00:40:52 +0000] "GET /api/events HTTP/1.1" 200 3077
::1 - - [06/Apr/2020:00:41:42 +0000] "GET /api/events HTTP/1.1" 200 3295
::1 - - [06/Apr/2020:00:42:04 +0000] "GET /api/events HTTP/1.1" 200 3513
::1 - - [06/Apr/2020:00:42:42 +0000] "GET /api/events HTTP/1.1" 200 3731
::1 - - [06/Apr/2020:00:43:56 +0000] "GET /api/events HTTP/1.1" 304 -
::1 - - [06/Apr/2020:00:43:57 +0000] "GET /api/events HTTP/1.1" 304 -
